#
# There is insufficient memory for the Java Runtime Environment to continue.
# Native memory allocation (malloc) failed to allocate 1048576 bytes for AllocateHeap
# Possible reasons:
#   The system is out of physical RAM or swap space
#   In 32 bit mode, the process size limit was hit
# Possible solutions:
#   Reduce memory load on the system
#   Increase physical memory or swap space
#   Check if swap backing store is full
#   Use 64 bit Java on a 64 bit OS
#   Decrease Java heap size (-Xmx/-Xms)
#   Decrease number of Java threads
#   Decrease Java thread stack sizes (-Xss)
#   Set larger code cache with -XX:ReservedCodeCacheSize=
# This output file may be truncated or incomplete.
#
#  Out of Memory Error (memory/allocation.inline.hpp:61), pid=3796, tid=0x00000000000009b0
#
# JRE version:  (8.0_92-b14) (build )
# Java VM: Java HotSpot(TM) 64-Bit Server VM (25.92-b14 mixed mode windows-amd64 compressed oops)
# Failed to write core dump. Minidumps are not enabled by default on client versions of Windows
#

---------------  T H R E A D  ---------------

Current thread (0x000000000258f000):  JavaThread "Unknown thread" [_thread_in_vm, id=2480, stack(0x00000000026f0000,0x00000000027f0000)]

Stack: [0x00000000026f0000,0x00000000027f0000]
[error occurred during error reporting (printing stack bounds), id 0xc0000005]

Native frames: (J=compiled Java code, j=interpreted, Vv=VM code, C=native code)


---------------  P R O C E S S  ---------------

Java Threads: ( => current thread )

Other Threads:

=>0x000000000258f000 (exited) JavaThread "Unknown thread" [_thread_in_vm, id=2480, stack(0x00000000026f0000,0x00000000027f0000)]

VM state:not at safepoint (normal execution)

VM Mutex/Monitor currently owned by a thread: None

Heap:
 PSYoungGen      total 18944K, used 327K [0x00000000eab00000, 0x00000000ec000000, 0x0000000100000000)
  eden space 16384K, 2% used [0x00000000eab00000,0x00000000eab51ec8,0x00000000ebb00000)
  from space 2560K, 0% used [0x00000000ebd80000,0x00000000ebd80000,0x00000000ec000000)
  to   space 2560K, 0% used [0x00000000ebb00000,0x00000000ebb00000,0x00000000ebd80000)
 ParOldGen       total 44032K, used 0K [0x00000000c0000000, 0x00000000c2b00000, 0x00000000eab00000)
  object space 44032K, 0% used [0x00000000c0000000,0x00000000c0000000,0x00000000c2b00000)
 Metaspace       used 769K, capacity 4480K, committed 4480K, reserved 1056768K
  class space    used 75K, capacity 384K, committed 384K, reserved 1048576K

Card table byte_map: [0x0000000011bb0000,0x0000000011dc0000] byte_map_base: 0x00000000115b0000

Marking Bits: (ParMarkBitMap*) 0x000000006bb964f0
 Begin Bits: [0x00000000125d0000, 0x00000000135d0000)
 End Bits:   [0x00000000135d0000, 0x00000000145d0000)

Polling page: 0x0000000000470000

CodeCache: size=245760Kb used=328Kb max_used=328Kb free=245431Kb
 bounds [0x00000000027f0000, 0x0000000002a60000, 0x00000000117f0000]
 total_blobs=58 nmethods=0 adapters=38
 compilation: enabled

Compilation events (0 events):
No events

GC Heap History (0 events):
No events

Deoptimization events (0 events):
No events

Internal exceptions (0 events):
No events

Events (10 events):
Event: 0.271 loading class java/lang/Short
Event: 0.271 loading class java/lang/Short done
Event: 0.271 loading class java/lang/Integer
Event: 0.271 loading class java/lang/Integer done
Event: 0.271 loading class java/lang/Long
Event: 0.271 loading class java/lang/Long done
Event: 0.272 loading class java/lang/NullPointerException
Event: 0.272 loading class java/lang/NullPointerException done
Event: 0.272 loading class java/lang/ArithmeticException
Event: 0.272 loading class java/lang/ArithmeticException done


Dynamic libraries:
0x000000013f530000 - 0x000000013f567000 	C:\Program Files\Java\jdk1.8.0_92\bin\java.exe
0x00000000777c0000 - 0x000000007796a000 	C:\windows\SYSTEM32\ntdll.dll
0x00000000775a0000 - 0x00000000776bf000 	C:\windows\system32\kernel32.dll
0x000007fefd810000 - 0x000007fefd87b000 	C:\windows\system32\KERNELBASE.dll
0x000007fefeb20000 - 0x000007fefebfb000 	C:\windows\system32\ADVAPI32.dll
0x000007feff780000 - 0x000007feff81f000 	C:\windows\system32\msvcrt.dll
0x000007fefecd0000 - 0x000007fefecef000 	C:\windows\SYSTEM32\sechost.dll
0x000007feff440000 - 0x000007feff56d000 	C:\windows\system32\RPCRT4.dll
0x00000000776c0000 - 0x00000000777ba000 	C:\windows\system32\USER32.dll
0x000007fefecf0000 - 0x000007fefed57000 	C:\windows\system32\GDI32.dll
0x000007feff820000 - 0x000007feff82e000 	C:\windows\system32\LPK.dll
0x000007fefec00000 - 0x000007fefecca000 	C:\windows\system32\USP10.dll
0x000007fefbcf0000 - 0x000007fefbee4000 	C:\windows\WinSxS\amd64_microsoft.windows.common-controls_6595b64144ccf1df_6.0.7601.18837_none_fa3b1e3d17594757\COMCTL32.dll
0x000007fefee10000 - 0x000007fefee81000 	C:\windows\system32\SHLWAPI.dll
0x000007fefdd60000 - 0x000007fefdd8e000 	C:\windows\system32\IMM32.DLL
0x000007feff830000 - 0x000007feff939000 	C:\windows\system32\MSCTF.dll
0x000000006c9f0000 - 0x000000006cac2000 	C:\Program Files\Java\jdk1.8.0_92\jre\bin\msvcr100.dll
0x000000006b380000 - 0x000000006bc16000 	C:\Program Files\Java\jdk1.8.0_92\jre\bin\server\jvm.dll
0x000007fef75d0000 - 0x000007fef75d9000 	C:\windows\system32\WSOCK32.dll
0x000007fefd940000 - 0x000007fefd98d000 	C:\windows\system32\WS2_32.dll
0x000007fefed60000 - 0x000007fefed68000 	C:\windows\system32\NSI.dll
0x000007fefd7b0000 - 0x000007fefd7eb000 	C:\windows\system32\WINMM.dll
0x000007fefc5f0000 - 0x000007fefc5fc000 	C:\windows\system32\VERSION.dll
0x0000000077980000 - 0x0000000077987000 	C:\windows\system32\PSAPI.DLL
0x0000000070980000 - 0x000000007098f000 	C:\Program Files\Java\jdk1.8.0_92\jre\bin\verify.dll
0x000000006f040000 - 0x000000006f069000 	C:\Program Files\Java\jdk1.8.0_92\jre\bin\java.dll
0x0000000070210000 - 0x0000000070226000 	C:\Program Files\Java\jdk1.8.0_92\jre\bin\zip.dll

VM Arguments:
jvm_args: -Djava.awt.headless=true -Xmx1024M -Dfile.encoding=GBK -Duser.country=CN -Duser.language=zh -Duser.variant 
java_command: com.android.dx.command.Main --dex --num-threads=4 --output D:\workspace\HighViewDemo\app\build\intermediates\pre-dexed\debug\com.android.support-support-v4-23.4.0_e2801030ddc676ad607cbf510b61b14df01bd06e.jar D:\workspace\HighViewDemo\app\build\intermediates\exploded-aar\com.android.support\support-v4\23.4.0\jars\classes.jar
java_class_path (initial): D:\Android\sdk\build-tools\24.0.1\lib\dx.jar
Launcher Type: SUN_STANDARD

Environment Variables:
JAVA_HOME=C:\Program Files\Java\jdk1.8.0_92
PATH=%JAVA_HOME%\bin;C:\Program Files (x86)\Java\jdk1.8.0_91\bin;C:\windows\system32;C:\windows;C:\windows\System32\Wbem;C:\windows\System32\WindowsPowerShell\v1.0\;C:\Program Files (x86)\Intel\OpenCL SDK\2.0\bin\x86;C:\Program Files (x86)\Intel\OpenCL SDK\2.0\bin\x64
USERNAME=Administrator
OS=Windows_NT
PROCESSOR_IDENTIFIER=Intel64 Family 6 Model 42 Stepping 7, GenuineIntel



---------------  S Y S T E M  ---------------

OS: Windows 7 , 64 bit Build 7601 (6.1.7601.19135)

CPU:total 4 (4 cores per cpu, 1 threads per core) family 6 model 42 stepping 7, cmov, cx8, fxsr, mmx, sse, sse2, sse3, ssse3, sse4.1, sse4.2, popcnt, avx, clmul, tsc, tscinvbit

Memory: 4k page, physical 4133888k(171568k free), swap 5180628k(6500k free)

vm_info: Java HotSpot(TM) 64-Bit Server VM (25.92-b14) for windows-amd64 JRE (1.8.0_92-b14), built on Mar 31 2016 21:03:04 by "java_re" with MS VC++ 10.0 (VS2010)

time: Thu Jul 28 16:37:25 2016
elapsed time: 0 seconds (0d 0h 0m 0s)

